Base path: 'C:/Program Files/Unity/Hub/Editor/2019.3.3f1/Editor/Data', plugins path 'C:/Program Files/Unity/Hub/Editor/2019.3.3f1/Editor/Data/PlaybackEngines'
Cmd: initializeCompiler
Cmd: compileSnippet
  api=4 type=1 insize=16577 outsize=902 kw=_SUNDISK_SIMPLE pd=UNITY_ENABLE_REFLECTION_BUFFERS UNITY_USE_DITHER_MASK_FOR_ALPHABLENDED_SHADOWS UNITY_PBS_USE_BRDF1 UNITY_SPECCUBE_BOX_PROJECTION UNITY_SPECCUBE_BLENDING UNITY_ENABLE_DETAIL_NORMALMAP SHADER_API_DESKTOP UNITY_COLORSPACE_GAMMA UNITY_LIGHT_PROBE_PROXY_VOLUME UNITY_LIGHTMAP_FULL_HDR ok=1
Cmd: compileSnippet
  api=4 type=1 insize=11846 outsize=5706 kw=SHADOWS_SPLIT_SPHERES pd=UNITY_ENABLE_REFLECTION_BUFFERS UNITY_USE_DITHER_MASK_FOR_ALPHABLENDED_SHADOWS UNITY_PBS_USE_BRDF1 UNITY_SPECCUBE_BOX_PROJECTION UNITY_SPECCUBE_BLENDING UNITY_ENABLE_DETAIL_NORMALMAP SHADER_API_DESKTOP UNITY_COLORSPACE_GAMMA UNITY_LIGHT_PROBE_PROXY_VOLUME UNITY_LIGHTMAP_FULL_HDR ok=1
Cmd: compileSnippet
  api=4 type=1 insize=1602 outsize=7190 kw=UNITY_PASS_FORWARDBASE DIRECTIONAL SHADOWS_SCREEN LIGHTPROBE_SH pd=UNITY_ENABLE_REFLECTION_BUFFERS UNITY_USE_DITHER_MASK_FOR_ALPHABLENDED_SHADOWS UNITY_PBS_USE_BRDF1 UNITY_SPECCUBE_BOX_PROJECTION UNITY_SPECCUBE_BLENDING UNITY_ENABLE_DETAIL_NORMALMAP SHADER_API_DESKTOP UNITY_COLORSPACE_GAMMA UNITY_LIGHT_PROBE_PROXY_VOLUME UNITY_LIGHTMAP_FULL_HDR ok=1
Cmd: compileSnippet
  api=4 type=0 insize=17531 outsize=1714 kw=UNITY_PASS_FORWARDBASE DIRECTIONAL SHADOWS_SCREEN LIGHTPROBE_SH pd=UNITY_ENABLE_REFLECTION_BUFFERS UNITY_USE_DITHER_MASK_FOR_ALPHABLENDED_SHADOWS UNITY_PBS_USE_BRDF1 UNITY_SPECCUBE_BOX_PROJECTION UNITY_SPECCUBE_BLENDING UNITY_ENABLE_DETAIL_NORMALMAP SHADER_API_DESKTOP UNITY_COLORSPACE_GAMMA UNITY_LIGHT_PROBE_PROXY_VOLUME UNITY_LIGHTMAP_FULL_HDR ok=1
Cmd: compileSnippet
  api=4 type=1 insize=1602 outsize=7582 kw=UNITY_PASS_FORWARDBASE DIRECTIONAL SHADOWS_SCREEN LIGHTPROBE_SH _NORMALMAP pd=UNITY_ENABLE_REFLECTION_BUFFERS UNITY_USE_DITHER_MASK_FOR_ALPHABLENDED_SHADOWS UNITY_PBS_USE_BRDF1 UNITY_SPECCUBE_BOX_PROJECTION UNITY_SPECCUBE_BLENDING UNITY_ENABLE_DETAIL_NORMALMAP SHADER_API_DESKTOP UNITY_COLORSPACE_GAMMA UNITY_LIGHT_PROBE_PROXY_VOLUME UNITY_LIGHTMAP_FULL_HDR ok=1
Cmd: compileSnippet
  api=4 type=0 insize=1460 outsize=2298 kw=UNITY_PASS_FORWARDADD POINT _NORMALMAP _ALPHABLEND_ON _DETAIL_MULX2 pd=UNITY_ENABLE_REFLECTION_BUFFERS UNITY_USE_DITHER_MASK_FOR_ALPHABLENDED_SHADOWS UNITY_PBS_USE_BRDF1 UNITY_SPECCUBE_BOX_PROJECTION UNITY_SPECCUBE_BLENDING UNITY_ENABLE_DETAIL_NORMALMAP SHADER_API_DESKTOP UNITY_COLORSPACE_GAMMA UNITY_LIGHT_PROBE_PROXY_VOLUME UNITY_LIGHTMAP_FULL_HDR ok=1
Cmd: compileSnippet
  api=4 type=1 insize=1460 outsize=3742 kw=UNITY_PASS_FORWARDADD POINT pd=UNITY_ENABLE_REFLECTION_BUFFERS UNITY_USE_DITHER_MASK_FOR_ALPHABLENDED_SHADOWS UNITY_PBS_USE_BRDF1 UNITY_SPECCUBE_BOX_PROJECTION UNITY_SPECCUBE_BLENDING UNITY_ENABLE_DETAIL_NORMALMAP SHADER_API_DESKTOP UNITY_COLORSPACE_GAMMA UNITY_LIGHT_PROBE_PROXY_VOLUME UNITY_LIGHTMAP_FULL_HDR ok=1
Cmd: initializeCompiler
Cmd: compileComputeKernel
  api=4 insize=16804 outsize=10676 ok=1
Cmd: compileComputeKernel
  api=4 insize=21138 outsize=27115 ok=1
Cmd: compileComputeKernel
  api=4 insize=10288 outsize=4297 ok=1
Cmd: compileComputeKernel
  api=4 insize=8630 outsize=6168 ok=1
Cmd: compileComputeKernel
  api=4 insize=8630 outsize=8564 ok=1
Cmd: compileComputeKernel
  api=4 insize=17994 outsize=8303 ok=1
Cmd: compileComputeKernel
  api=4 insize=4026 outsize=3422 ok=1
Cmd: compileComputeKernel
  api=4 insize=5899 outsize=5733 ok=1
Cmd: compileComputeKernel
  api=4 insize=1372 outsize=666 ok=1
Cmd: compileComputeKernel
  api=4 insize=1870 outsize=1067 ok=1
Cmd: compileComputeKernel
  api=4 insize=10384 outsize=741074 ok=1
Cmd: compileComputeKernel
  api=4 insize=10384 outsize=735568 ok=1
Cmd: compileComputeKernel
  api=4 insize=10868 outsize=3978 ok=1
Cmd: compileComputeKernel
  api=4 insize=10868 outsize=665 ok=1
Cmd: compileComputeKernel
  api=4 insize=10868 outsize=4534 ok=1
Cmd: compileComputeKernel
  api=4 insize=3111 outsize=2047 ok=1
Cmd: compileComputeKernel
  api=4 insize=40246 outsize=34940 ok=1
Cmd: compileComputeKernel
  api=4 insize=40246 outsize=35450 ok=1
Cmd: compileComputeKernel
  api=4 insize=40246 outsize=34078 ok=1
Cmd: compileComputeKernel
  api=4 insize=40246 outsize=35450 ok=1
Cmd: compileComputeKernel
  api=4 insize=40246 outsize=1522 ok=1
Cmd: compileComputeKernel
  api=4 insize=8511 outsize=6725 ok=1
Cmd: compileComputeKernel
  api=4 insize=22295 outsize=15194 ok=1
Cmd: compileComputeKernel
  api=4 insize=22295 outsize=15906 ok=1
Cmd: compileComputeKernel
  api=4 insize=11494 outsize=244 ok=1
Cmd: compileComputeKernel
  api=4 insize=3718 outsize=1059 ok=1
Cmd: compileComputeKernel
  api=4 insize=8845 outsize=6537 ok=1
Cmd: compileComputeKernel
  api=4 insize=9134 outsize=7435 ok=1
Cmd: compileComputeKernel
  api=4 insize=9134 outsize=7986 ok=1
Cmd: compileComputeKernel
  api=4 insize=7841 outsize=7800 ok=1
Cmd: compileComputeKernel
  api=4 insize=8233 outsize=5777 ok=1
Cmd: compileComputeKernel
  api=4 insize=20116 outsize=788 ok=1
Cmd: compileComputeKernel
  api=4 insize=20116 outsize=5325 ok=1
Cmd: compileComputeKernel
  api=4 insize=5056 outsize=2055 ok=1
Cmd: compileComputeKernel
  api=4 insize=5168 outsize=1485 ok=1
Cmd: compileComputeKernel
  api=4 insize=5168 outsize=2822 ok=1
Cmd: compileComputeKernel
  api=4 insize=5168 outsize=899 ok=1
Cmd: compileComputeKernel
  api=4 insize=10338 outsize=4045 ok=1
Cmd: compileComputeKernel
  api=4 insize=26542 outsize=15415 ok=1
Cmd: compileComputeKernel
  api=4 insize=26542 outsize=15619 ok=1
Cmd: compileComputeKernel
  api=4 insize=15784 outsize=113172 ok=1
Cmd: compileComputeKernel
  api=4 insize=15784 outsize=55102 ok=1
Cmd: compileComputeKernel
  api=4 insize=15784 outsize=37394 ok=1
Cmd: compileComputeKernel
  api=4 insize=15784 outsize=44207 ok=1
Cmd: compileComputeKernel
  api=4 insize=15784 outsize=55270 ok=1
Cmd: compileComputeKernel
  api=4 insize=15784 outsize=74985 ok=1
Cmd: compileComputeKernel
  api=4 insize=15784 outsize=36470 ok=1
Cmd: compileComputeKernel
  api=4 insize=15784 outsize=43283 ok=1
Cmd: compileComputeKernel
  api=4 insize=15784 outsize=57463 ok=1
Cmd: compileComputeKernel
  api=4 insize=15784 outsize=39203 ok=1
Cmd: compileComputeKernel
  api=4 insize=15784 outsize=34695 ok=1
Cmd: compileComputeKernel
  api=4 insize=15784 outsize=69302 ok=1
Cmd: compileComputeKernel
  api=4 insize=15784 outsize=51303 ok=1
Cmd: compileComputeKernel
  api=4 insize=15784 outsize=98109 ok=1
Cmd: compileComputeKernel
  api=4 insize=6258 outsize=4935 ok=1
Cmd: compileComputeKernel
  api=4 insize=3697 outsize=4319 ok=1
Cmd: compileComputeKernel
  api=4 insize=3971 outsize=4104 ok=1
Cmd: compileComputeKernel
  api=4 insize=26999 outsize=25569 ok=1
Cmd: compileComputeKernel
  api=4 insize=3916 outsize=1744 ok=1
Cmd: compileComputeKernel
  api=4 insize=12177 outsize=953 ok=1
Cmd: compileComputeKernel
  api=4 insize=3714 outsize=2561 ok=1
Cmd: compileComputeKernel
  api=4 insize=11069 outsize=9126 ok=1
Cmd: compileComputeKernel
  api=4 insize=7589 outsize=6586 ok=1
Cmd: compileComputeKernel
  api=4 insize=13940 outsize=4058 ok=1
Cmd: compileComputeKernel
  api=4 insize=11045 outsize=3175 ok=1
Cmd: compileSnippet
  api=4 type=0 insize=7392 outsize=810 kw=_NORMALMAP_TANGENT_SPACE _NORMALMAP _MASKMAP pd=UNITY_ENABLE_REFLECTION_BUFFERS UNITY_USE_DITHER_MASK_FOR_ALPHABLENDED_SHADOWS UNITY_PBS_USE_BRDF1 UNITY_SPECCUBE_BOX_PROJECTION UNITY_SPECCUBE_BLENDING UNITY_ENABLE_DETAIL_NORMALMAP SHADER_API_DESKTOP UNITY_COLORSPACE_GAMMA UNITY_LIGHT_PROBE_PROXY_VOLUME UNITY_LIGHTMAP_FULL_HDR ok=1
Cmd: compileSnippet
  api=4 type=1 insize=7392 outsize=142 kw=_NORMALMAP_TANGENT_SPACE _NORMALMAP _MASKMAP pd=UNITY_ENABLE_REFLECTION_BUFFERS UNITY_USE_DITHER_MASK_FOR_ALPHABLENDED_SHADOWS UNITY_PBS_USE_BRDF1 UNITY_SPECCUBE_BOX_PROJECTION UNITY_SPECCUBE_BLENDING UNITY_ENABLE_DETAIL_NORMALMAP SHADER_API_DESKTOP UNITY_COLORSPACE_GAMMA UNITY_LIGHT_PROBE_PROXY_VOLUME UNITY_LIGHTMAP_FULL_HDR ok=1
Cmd: compileSnippet
  api=4 type=1 insize=7868 outsize=14058 kw=DEBUG_DISPLAY DECALS_3RT _NORMALMAP_TANGENT_SPACE _NORMALMAP _MASKMAP _DETAIL_MAP pd=UNITY_ENABLE_REFLECTION_BUFFERS UNITY_USE_DITHER_MASK_FOR_ALPHABLENDED_SHADOWS UNITY_PBS_USE_BRDF1 UNITY_SPECCUBE_BOX_PROJECTION UNITY_SPECCUBE_BLENDING UNITY_ENABLE_DETAIL_NORMALMAP SHADER_API_DESKTOP UNITY_COLORSPACE_GAMMA UNITY_LIGHT_PROBE_PROXY_VOLUME UNITY_LIGHTMAP_FULL_HDR ok=1
Cmd: compileSnippet
  api=4 type=0 insize=8936 outsize=1874 kw=DEBUG_DISPLAY DECALS_3RT SHADOW_MEDIUM USE_CLUSTERED_LIGHTLIST _NORMALMAP_TANGENT_SPACE _NORMALMAP _MASKMAP pd=UNITY_ENABLE_REFLECTION_BUFFERS UNITY_USE_DITHER_MASK_FOR_ALPHABLENDED_SHADOWS UNITY_PBS_USE_BRDF1 UNITY_SPECCUBE_BOX_PROJECTION UNITY_SPECCUBE_BLENDING UNITY_ENABLE_DETAIL_NORMALMAP SHADER_API_DESKTOP UNITY_COLORSPACE_GAMMA UNITY_LIGHT_PROBE_PROXY_VOLUME UNITY_LIGHTMAP_FULL_HDR ok=1
Cmd: compileSnippet
  api=4 type=0 insize=8936 outsize=1874 kw=DEBUG_DISPLAY _SURFACE_TYPE_TRANSPARENT DECALS_3RT SHADOW_MEDIUM USE_CLUSTERED_LIGHTLIST _NORMALMAP_TANGENT_SPACE _NORMALMAP _MASKMAP _DETAIL_MAP _BLENDMODE_ALPHA _ENABLE_FOG_ON_TRANSPARENT pd=UNITY_ENABLE_REFLECTION_BUFFERS UNITY_USE_DITHER_MASK_FOR_ALPHABLENDED_SHADOWS UNITY_PBS_USE_BRDF1 UNITY_SPECCUBE_BOX_PROJECTION UNITY_SPECCUBE_BLENDING UNITY_ENABLE_DETAIL_NORMALMAP SHADER_API_DESKTOP UNITY_COLORSPACE_GAMMA UNITY_LIGHT_PROBE_PROXY_VOLUME UNITY_LIGHTMAP_FULL_HDR ok=1
Cmd: compileSnippet
  api=4 type=1 insize=8936 outsize=117350 kw=DEBUG_DISPLAY _SURFACE_TYPE_TRANSPARENT DECALS_3RT SHADOW_MEDIUM USE_CLUSTERED_LIGHTLIST _NORMALMAP_TANGENT_SPACE _NORMALMAP _MASKMAP _DETAIL_MAP _BLENDMODE_ALPHA _ENABLE_FOG_ON_TRANSPARENT pd=UNITY_ENABLE_REFLECTION_BUFFERS UNITY_USE_DITHER_MASK_FOR_ALPHABLENDED_SHADOWS UNITY_PBS_USE_BRDF1 UNITY_SPECCUBE_BOX_PROJECTION UNITY_SPECCUBE_BLENDING UNITY_ENABLE_DETAIL_NORMALMAP SHADER_API_DESKTOP UNITY_COLORSPACE_GAMMA UNITY_LIGHT_PROBE_PROXY_VOLUME UNITY_LIGHTMAP_FULL_HDR ok=1
Cmd: compileSnippet
  api=4 type=0 insize=6897 outsize=810 kw=UNITY_PASS_SHADOWCASTER _NORMALMAP_TANGENT_SPACE _NORMALMAP _MASKMAP _DETAIL_MAP pd=UNITY_ENABLE_REFLECTION_BUFFERS UNITY_USE_DITHER_MASK_FOR_ALPHABLENDED_SHADOWS UNITY_PBS_USE_BRDF1 UNITY_SPECCUBE_BOX_PROJECTION UNITY_SPECCUBE_BLENDING UNITY_ENABLE_DETAIL_NORMALMAP SHADER_API_DESKTOP UNITY_LIGHT_PROBE_PROXY_VOLUME UNITY_LIGHTMAP_FULL_HDR ok=1
Cmd: compileSnippet
  api=4 type=1 insize=6897 outsize=142 kw=UNITY_PASS_SHADOWCASTER _SURFACE_TYPE_TRANSPARENT _NORMALMAP_TANGENT_SPACE _NORMALMAP _MASKMAP _DETAIL_MAP _BLENDMODE_ALPHA _ENABLE_FOG_ON_TRANSPARENT pd=UNITY_ENABLE_REFLECTION_BUFFERS UNITY_USE_DITHER_MASK_FOR_ALPHABLENDED_SHADOWS UNITY_PBS_USE_BRDF1 UNITY_SPECCUBE_BOX_PROJECTION UNITY_SPECCUBE_BLENDING UNITY_ENABLE_DETAIL_NORMALMAP SHADER_API_DESKTOP UNITY_LIGHT_PROBE_PROXY_VOLUME UNITY_LIGHTMAP_FULL_HDR ok=1
Cmd: compileSnippet
  api=4 type=0 insize=944 outsize=1414 kw=UNITY_PASS_SHADOWCASTER SHADOWS_DEPTH pd=UNITY_ENABLE_REFLECTION_BUFFERS UNITY_USE_DITHER_MASK_FOR_ALPHABLENDED_SHADOWS UNITY_PBS_USE_BRDF1 UNITY_SPECCUBE_BOX_PROJECTION UNITY_SPECCUBE_BLENDING UNITY_ENABLE_DETAIL_NORMALMAP SHADER_API_DESKTOP UNITY_LIGHT_PROBE_PROXY_VOLUME UNITY_LIGHTMAP_FULL_HDR ok=1
Cmd: compileSnippet
  api=4 type=1 insize=7392 outsize=142 kw=_NORMALMAP_TANGENT_SPACE _NORMALMAP _MASKMAP _DETAIL_MAP pd=UNITY_ENABLE_REFLECTION_BUFFERS UNITY_USE_DITHER_MASK_FOR_ALPHABLENDED_SHADOWS UNITY_PBS_USE_BRDF1 UNITY_SPECCUBE_BOX_PROJECTION UNITY_SPECCUBE_BLENDING UNITY_ENABLE_DETAIL_NORMALMAP SHADER_API_DESKTOP UNITY_LIGHT_PROBE_PROXY_VOLUME UNITY_LIGHTMAP_FULL_HDR ok=1
Cmd: compileSnippet
  api=4 type=1 insize=3240 outsize=2022 kw= pd=UNITY_ENABLE_REFLECTION_BUFFERS UNITY_USE_DITHER_MASK_FOR_ALPHABLENDED_SHADOWS UNITY_PBS_USE_BRDF1 UNITY_SPECCUBE_BOX_PROJECTION UNITY_SPECCUBE_BLENDING UNITY_ENABLE_DETAIL_NORMALMAP SHADER_API_DESKTOP UNITY_LIGHT_PROBE_PROXY_VOLUME UNITY_LIGHTMAP_FULL_HDR ok=1
Cmd: compileSnippet
  api=4 type=1 insize=7868 outsize=9134 kw=DECALS_3RT _NORMALMAP_TANGENT_SPACE _NORMALMAP _MASKMAP _DETAIL_MAP pd=UNITY_ENABLE_REFLECTION_BUFFERS UNITY_USE_DITHER_MASK_FOR_ALPHABLENDED_SHADOWS UNITY_PBS_USE_BRDF1 UNITY_SPECCUBE_BOX_PROJECTION UNITY_SPECCUBE_BLENDING UNITY_ENABLE_DETAIL_NORMALMAP SHADER_API_DESKTOP UNITY_LIGHT_PROBE_PROXY_VOLUME UNITY_LIGHTMAP_FULL_HDR ok=1
Cmd: compileSnippet
  api=4 type=0 insize=8936 outsize=1726 kw=_SURFACE_TYPE_TRANSPARENT DECALS_3RT SHADOW_MEDIUM USE_CLUSTERED_LIGHTLIST _NORMALMAP_TANGENT_SPACE _NORMALMAP _MASKMAP _DETAIL_MAP _BLENDMODE_ALPHA _ENABLE_FOG_ON_TRANSPARENT pd=UNITY_ENABLE_REFLECTION_BUFFERS UNITY_USE_DITHER_MASK_FOR_ALPHABLENDED_SHADOWS UNITY_PBS_USE_BRDF1 UNITY_SPECCUBE_BOX_PROJECTION UNITY_SPECCUBE_BLENDING UNITY_ENABLE_DETAIL_NORMALMAP SHADER_API_DESKTOP UNITY_LIGHT_PROBE_PROXY_VOLUME UNITY_LIGHTMAP_FULL_HDR ok=1
Cmd: compileSnippet
  api=4 type=0 insize=2881 outsize=1186 kw=SOFTPARTICLES_ON pd=UNITY_ENABLE_REFLECTION_BUFFERS UNITY_USE_DITHER_MASK_FOR_ALPHABLENDED_SHADOWS UNITY_PBS_USE_BRDF1 UNITY_SPECCUBE_BOX_PROJECTION UNITY_SPECCUBE_BLENDING UNITY_ENABLE_DETAIL_NORMALMAP SHADER_API_DESKTOP UNITY_LIGHT_PROBE_PROXY_VOLUME UNITY_LIGHTMAP_FULL_HDR ok=1
Cmd: compileSnippet
  api=4 type=0 insize=7278 outsize=1834 kw=UNITY_PASS_MOTIONVECTORS _NORMALMAP_TANGENT_SPACE _NORMALMAP _MASKMAP _DETAIL_MAP pd=UNITY_ENABLE_REFLECTION_BUFFERS UNITY_USE_DITHER_MASK_FOR_ALPHABLENDED_SHADOWS UNITY_PBS_USE_BRDF1 UNITY_SPECCUBE_BOX_PROJECTION UNITY_SPECCUBE_BLENDING UNITY_ENABLE_DETAIL_NORMALMAP SHADER_API_DESKTOP UNITY_LIGHT_PROBE_PROXY_VOLUME UNITY_LIGHTMAP_FULL_HDR ok=1
Cmd: compileSnippet
  api=4 type=1 insize=6897 outsize=142 kw=UNITY_PASS_SHADOWCASTER _NORMALMAP_TANGENT_SPACE pd=UNITY_ENABLE_REFLECTION_BUFFERS UNITY_USE_DITHER_MASK_FOR_ALPHABLENDED_SHADOWS UNITY_PBS_USE_BRDF1 UNITY_SPECCUBE_BOX_PROJECTION UNITY_SPECCUBE_BLENDING UNITY_ENABLE_DETAIL_NORMALMAP SHADER_API_DESKTOP UNITY_LIGHT_PROBE_PROXY_VOLUME UNITY_LIGHTMAP_FULL_HDR ok=1
Cmd: compileSnippet
  api=4 type=1 insize=7868 outsize=5598 kw=DECALS_3RT _NORMALMAP_TANGENT_SPACE pd=UNITY_ENABLE_REFLECTION_BUFFERS UNITY_USE_DITHER_MASK_FOR_ALPHABLENDED_SHADOWS UNITY_PBS_USE_BRDF1 UNITY_SPECCUBE_BOX_PROJECTION UNITY_SPECCUBE_BLENDING UNITY_ENABLE_DETAIL_NORMALMAP SHADER_API_DESKTOP UNITY_LIGHT_PROBE_PROXY_VOLUME UNITY_LIGHTMAP_FULL_HDR ok=1
